[01m[K/home/zsy/sy_git/ROS2/CHAPT2_WS/demo_cpp_pkg/src/learn_shared_ptr.cpp:2:2:[m[K [01;31m[Kerror: [m[Kinvalid preprocessing directive #inlcude; did you mean #include?
    2 | #[01;31m[Kinlcude[m[K <memory>
      |  [01;31m[K^~~~~~~[m[K
      |  [32m[Kinclude[m[K
[01m[K/home/zsy/sy_git/ROS2/CHAPT2_WS/demo_cpp_pkg/src/learn_shared_ptr.cpp:[m[K In function â€˜[01m[Kint main()[m[Kâ€™:
[01m[K/home/zsy/sy_git/ROS2/CHAPT2_WS/demo_cpp_pkg/src/learn_shared_ptr.cpp:5:20:[m[K [01;31m[Kerror: [m[Kâ€˜[01m[Kmake_shared[m[Kâ€™ is not a member of â€˜[01m[Kstd[m[Kâ€™
    5 |     auto p1 = std::[01;31m[Kmake_shared[m[K<std::string>("This is a str."); // std::make_shared<æ•°æ®ç±»å‹/ç±»>(å‚æ•°);
      |                    [01;31m[K^~~~~~~~~~~[m[K
[01m[K/home/zsy/sy_git/ROS2/CHAPT2_WS/demo_cpp_pkg/src/learn_shared_ptr.cpp:2:1:[m[K [01;36m[Knote: [m[Kâ€˜[01m[Kstd::make_shared[m[Kâ€™ is defined in header â€˜[01m[K<memory>[m[Kâ€™; did you forget to â€˜[01m[K#include <memory>[m[Kâ€™?
    1 | #include <iostream>
  +++ |+[32m[K#include <memory>[m[K
    2 | #inlcude <memory>
[01m[K/home/zsy/sy_git/ROS2/CHAPT2_WS/demo_cpp_pkg/src/learn_shared_ptr.cpp:5:43:[m[K [01;31m[Kerror: [m[Kexpected primary-expression before â€˜[01m[K>[m[Kâ€™ token
    5 |     auto p1 = std::make_shared<std::string[01;31m[K>[m[K("This is a str."); // std::make_shared<æ•°æ®ç±»å‹/ç±»>(å‚æ•°);
      |                                           [01;31m[K^[m[K
gmake[2]: *** [CMakeFiles/learn_shared_ptr.dir/build.make:76ï¼šCMakeFiles/learn_shared_ptr.dir/src/learn_shared_ptr.cpp.o] é”™è¯¯ 1
gmake[1]: *** [CMakeFiles/Makefile2:221ï¼šCMakeFiles/learn_shared_ptr.dir/all] é”™è¯¯ 2
gmake: *** [Makefile:146ï¼šall] é”™è¯¯ 2
