[01m[K/home/zsy/sy_git/ROS2/CHAPT2_WS/demo_cpp_pkg/src/learn_shared_ptr.cpp:2:2:[m[K [01;31m[Kerror: [m[Kinvalid preprocessing directive #inlcude; did you mean #include?
    2 | #[01;31m[Kinlcude[m[K <memory>
      |  [01;31m[K^~~~~~~[m[K
      |  [32m[Kinclude[m[K
[01m[K/home/zsy/sy_git/ROS2/CHAPT2_WS/demo_cpp_pkg/src/learn_shared_ptr.cpp:[m[K In function ‘[01m[Kint main()[m[K’:
[01m[K/home/zsy/sy_git/ROS2/CHAPT2_WS/demo_cpp_pkg/src/learn_shared_ptr.cpp:5:20:[m[K [01;31m[Kerror: [m[K‘[01m[Kmake_shared[m[K’ is not a member of ‘[01m[Kstd[m[K’
    5 |     auto p1 = std::[01;31m[Kmake_shared[m[K<std::string>("This is a str."); // std::make_shared<数据类型/类>(参数);
      |                    [01;31m[K^~~~~~~~~~~[m[K
[01m[K/home/zsy/sy_git/ROS2/CHAPT2_WS/demo_cpp_pkg/src/learn_shared_ptr.cpp:2:1:[m[K [01;36m[Knote: [m[K‘[01m[Kstd::make_shared[m[K’ is defined in header ‘[01m[K<memory>[m[K’; did you forget to ‘[01m[K#include <memory>[m[K’?
    1 | #include <iostream>
  +++ |+[32m[K#include <memory>[m[K
    2 | #inlcude <memory>
[01m[K/home/zsy/sy_git/ROS2/CHAPT2_WS/demo_cpp_pkg/src/learn_shared_ptr.cpp:5:43:[m[K [01;31m[Kerror: [m[Kexpected primary-expression before ‘[01m[K>[m[K’ token
    5 |     auto p1 = std::make_shared<std::string[01;31m[K>[m[K("This is a str."); // std::make_shared<数据类型/类>(参数);
      |                                           [01;31m[K^[m[K
gmake[2]: *** [CMakeFiles/learn_shared_ptr.dir/build.make:76：CMakeFiles/learn_shared_ptr.dir/src/learn_shared_ptr.cpp.o] 错误 1
gmake[1]: *** [CMakeFiles/Makefile2:221：CMakeFiles/learn_shared_ptr.dir/all] 错误 2
gmake: *** [Makefile:146：all] 错误 2
