-- Found ament_cmake: 1.3.10 (/opt/ros/humble/share/ament_cmake/cmake)
-- Found rclcpp: 16.0.10 (/opt/ros/humble/share/rclcpp/cmake)
-- Found rosidl_generator_c: 3.1.5 (/opt/ros/humble/share/rosidl_generator_c/cmake)
-- Found rosidl_adapter: 3.1.5 (/opt/ros/humble/share/rosidl_adapter/cmake)
-- Found rosidl_generator_cpp: 3.1.5 (/opt/ros/humble/share/rosidl_generator_cpp/cmake)
-- Using all available rosidl_typesupport_c: rosidl_typesupport_fastrtps_c;rosidl_typesupport_introspection_c
-- Using all available rosidl_typesupport_cpp: rosidl_typesupport_fastrtps_cpp;rosidl_typesupport_introspection_cpp
-- Found rmw_implementation_cmake: 6.1.2 (/opt/ros/humble/share/rmw_implementation_cmake/cmake)
-- Found rmw_fastrtps_cpp: 6.2.7 (/opt/ros/humble/share/rmw_fastrtps_cpp/cmake)
-- Using RMW implementation 'rmw_fastrtps_cpp' as default
-- Found ament_lint_auto: 0.12.11 (/opt/ros/humble/share/ament_lint_auto/cmake)
-- Added test 'cppcheck' to perform static code analysis on C / C++ code
-- Configured cppcheck include dirs: 
-- Configured cppcheck exclude dirs and/or files: 
-- Added test 'lint_cmake' to check CMake code style
-- Added test 'uncrustify' to check C / C++ code style
-- Configured uncrustify additional arguments: 
-- Added test 'xmllint' to check XML markup files
-- Configuring done
-- Generating done
-- Build files have been written to: /home/zsy/sy_git/ROS2/CHAPT2_WS/build/demo_cpp_pkg
[35m[1mConsolidate compiler generated dependencies of target cpp_node[0m
[35m[1mConsolidate compiler generated dependencies of target learn_auto[0m
[35m[1mConsolidate compiler generated dependencies of target person_node[0m
[ 25%] Built target person_node
[ 50%] Built target learn_auto
[ 62%] [32mBuilding CXX object CMakeFiles/learn_shared_ptr.dir/src/learn_shared_ptr.cpp.o[0m
[ 87%] Built target cpp_node
[01m[K/home/zsy/sy_git/ROS2/CHAPT2_WS/demo_cpp_pkg/src/learn_shared_ptr.cpp:2:2:[m[K [01;31m[Kerror: [m[Kinvalid preprocessing directive #inlcude; did you mean #include?
    2 | #[01;31m[Kinlcude[m[K <memory>
      |  [01;31m[K^~~~~~~[m[K
      |  [32m[Kinclude[m[K
[01m[K/home/zsy/sy_git/ROS2/CHAPT2_WS/demo_cpp_pkg/src/learn_shared_ptr.cpp:[m[K In function â€˜[01m[Kint main()[m[Kâ€™:
[01m[K/home/zsy/sy_git/ROS2/CHAPT2_WS/demo_cpp_pkg/src/learn_shared_ptr.cpp:5:20:[m[K [01;31m[Kerror: [m[Kâ€˜[01m[Kmake_shared[m[Kâ€™ is not a member of â€˜[01m[Kstd[m[Kâ€™
    5 |     auto p1 = std::[01;31m[Kmake_shared[m[K<std::string>("This is a str."); // std::make_shared<æ•°æ®ç±»å‹/ç±»>(å‚æ•°);
      |                    [01;31m[K^~~~~~~~~~~[m[K
[01m[K/home/zsy/sy_git/ROS2/CHAPT2_WS/demo_cpp_pkg/src/learn_shared_ptr.cpp:2:1:[m[K [01;36m[Knote: [m[Kâ€˜[01m[Kstd::make_shared[m[Kâ€™ is defined in header â€˜[01m[K<memory>[m[Kâ€™; did you forget to â€˜[01m[K#include <memory>[m[Kâ€™?
    1 | #include <iostream>
  +++ |+[32m[K#include <memory>[m[K
    2 | #inlcude <memory>
[01m[K/home/zsy/sy_git/ROS2/CHAPT2_WS/demo_cpp_pkg/src/learn_shared_ptr.cpp:5:43:[m[K [01;31m[Kerror: [m[Kexpected primary-expression before â€˜[01m[K>[m[Kâ€™ token
    5 |     auto p1 = std::make_shared<std::string[01;31m[K>[m[K("This is a str."); // std::make_shared<æ•°æ®ç±»å‹/ç±»>(å‚æ•°);
      |                                           [01;31m[K^[m[K
gmake[2]: *** [CMakeFiles/learn_shared_ptr.dir/build.make:76ï¼šCMakeFiles/learn_shared_ptr.dir/src/learn_shared_ptr.cpp.o] é”™è¯¯ 1
gmake[1]: *** [CMakeFiles/Makefile2:221ï¼šCMakeFiles/learn_shared_ptr.dir/all] é”™è¯¯ 2
gmake: *** [Makefile:146ï¼šall] é”™è¯¯ 2
