[0.013s] Invoking command in '/home/zsy/sy_git/ROS2/CHAPT2_WS/build/demo_cpp_pkg': CMAKE_PREFIX_PATH=${CMAKE_PREFIX_PATH}:/home/zsy/sy_git/ROS2/CHAPT2_WS/install/demo_python_pkg:/opt/ros/humble /usr/bin/cmake --build /home/zsy/sy_git/ROS2/CHAPT2_WS/build/demo_cpp_pkg -- -j4 -l4
[0.033s] -- Found ament_cmake: 1.3.10 (/opt/ros/humble/share/ament_cmake/cmake)
[0.102s] -- Found rclcpp: 16.0.10 (/opt/ros/humble/share/rclcpp/cmake)
[0.117s] -- Found rosidl_generator_c: 3.1.5 (/opt/ros/humble/share/rosidl_generator_c/cmake)
[0.119s] -- Found rosidl_adapter: 3.1.5 (/opt/ros/humble/share/rosidl_adapter/cmake)
[0.122s] -- Found rosidl_generator_cpp: 3.1.5 (/opt/ros/humble/share/rosidl_generator_cpp/cmake)
[0.127s] -- Using all available rosidl_typesupport_c: rosidl_typesupport_fastrtps_c;rosidl_typesupport_introspection_c
[0.134s] -- Using all available rosidl_typesupport_cpp: rosidl_typesupport_fastrtps_cpp;rosidl_typesupport_introspection_cpp
[0.154s] -- Found rmw_implementation_cmake: 6.1.2 (/opt/ros/humble/share/rmw_implementation_cmake/cmake)
[0.155s] -- Found rmw_fastrtps_cpp: 6.2.7 (/opt/ros/humble/share/rmw_fastrtps_cpp/cmake)
[0.218s] -- Using RMW implementation 'rmw_fastrtps_cpp' as default
[0.244s] -- Found ament_lint_auto: 0.12.11 (/opt/ros/humble/share/ament_lint_auto/cmake)
[0.284s] -- Added test 'cppcheck' to perform static code analysis on C / C++ code
[0.284s] -- Configured cppcheck include dirs: 
[0.284s] -- Configured cppcheck exclude dirs and/or files: 
[0.285s] -- Added test 'lint_cmake' to check CMake code style
[0.285s] -- Added test 'uncrustify' to check C / C++ code style
[0.285s] -- Configured uncrustify additional arguments: 
[0.285s] -- Added test 'xmllint' to check XML markup files
[0.286s] -- Configuring done
[0.298s] -- Generating done
[0.300s] -- Build files have been written to: /home/zsy/sy_git/ROS2/CHAPT2_WS/build/demo_cpp_pkg
[0.324s] [35m[1mConsolidate compiler generated dependencies of target cpp_node[0m
[0.324s] [35m[1mConsolidate compiler generated dependencies of target learn_auto[0m
[0.324s] [35m[1mConsolidate compiler generated dependencies of target person_node[0m
[0.347s] [ 25%] Built target person_node
[0.347s] [ 50%] Built target learn_auto
[0.349s] [ 62%] [32mBuilding CXX object CMakeFiles/learn_shared_ptr.dir/src/learn_shared_ptr.cpp.o[0m
[0.353s] [ 87%] Built target cpp_node
[0.376s] [01m[K/home/zsy/sy_git/ROS2/CHAPT2_WS/demo_cpp_pkg/src/learn_shared_ptr.cpp:2:2:[m[K [01;31m[Kerror: [m[Kinvalid preprocessing directive #inlcude; did you mean #include?
[0.376s]     2 | #[01;31m[Kinlcude[m[K <memory>
[0.376s]       |  [01;31m[K^~~~~~~[m[K
[0.376s]       |  [32m[Kinclude[m[K
[0.464s] [01m[K/home/zsy/sy_git/ROS2/CHAPT2_WS/demo_cpp_pkg/src/learn_shared_ptr.cpp:[m[K In function ‚Äò[01m[Kint main()[m[K‚Äô:
[0.464s] [01m[K/home/zsy/sy_git/ROS2/CHAPT2_WS/demo_cpp_pkg/src/learn_shared_ptr.cpp:5:20:[m[K [01;31m[Kerror: [m[K‚Äò[01m[Kmake_shared[m[K‚Äô is not a member of ‚Äò[01m[Kstd[m[K‚Äô
[0.464s]     5 |     auto p1 = std::[01;31m[Kmake_shared[m[K<std::string>("This is a str."); // std::make_shared<Êï∞ÊçÆÁ±ªÂûã/Á±ª>(ÂèÇÊï∞);
[0.464s]       |                    [01;31m[K^~~~~~~~~~~[m[K
[0.464s] [01m[K/home/zsy/sy_git/ROS2/CHAPT2_WS/demo_cpp_pkg/src/learn_shared_ptr.cpp:2:1:[m[K [01;36m[Knote: [m[K‚Äò[01m[Kstd::make_shared[m[K‚Äô is defined in header ‚Äò[01m[K<memory>[m[K‚Äô; did you forget to ‚Äò[01m[K#include <memory>[m[K‚Äô?
[0.464s]     1 | #include <iostream>
[0.464s]   +++ |+[32m[K#include <memory>[m[K
[0.464s]     2 | #inlcude <memory>
[0.464s] [01m[K/home/zsy/sy_git/ROS2/CHAPT2_WS/demo_cpp_pkg/src/learn_shared_ptr.cpp:5:43:[m[K [01;31m[Kerror: [m[Kexpected primary-expression before ‚Äò[01m[K>[m[K‚Äô token
[0.464s]     5 |     auto p1 = std::make_shared<std::string[01;31m[K>[m[K("This is a str."); // std::make_shared<Êï∞ÊçÆÁ±ªÂûã/Á±ª>(ÂèÇÊï∞);
[0.464s]       |                                           [01;31m[K^[m[K
[0.486s] gmake[2]: *** [CMakeFiles/learn_shared_ptr.dir/build.make:76ÔºöCMakeFiles/learn_shared_ptr.dir/src/learn_shared_ptr.cpp.o] ÈîôËØØ 1
[0.486s] gmake[1]: *** [CMakeFiles/Makefile2:221ÔºöCMakeFiles/learn_shared_ptr.dir/all] ÈîôËØØ 2
[0.486s] gmake: *** [Makefile:146Ôºöall] ÈîôËØØ 2
[0.489s] Invoked command in '/home/zsy/sy_git/ROS2/CHAPT2_WS/build/demo_cpp_pkg' returned '2': CMAKE_PREFIX_PATH=${CMAKE_PREFIX_PATH}:/home/zsy/sy_git/ROS2/CHAPT2_WS/install/demo_python_pkg:/opt/ros/humble /usr/bin/cmake --build /home/zsy/sy_git/ROS2/CHAPT2_WS/build/demo_cpp_pkg -- -j4 -l4
