[0.011s] Invoking command in '/home/zsy/sy_git/ROS2/CHAPT2_WS/build/demo_cpp_pkg': CMAKE_PREFIX_PATH=/opt/ros/humble /usr/bin/cmake --build /home/zsy/sy_git/ROS2/CHAPT2_WS/build/demo_cpp_pkg -- -j4 -l4
[0.033s] -- Found ament_cmake: 1.3.10 (/opt/ros/humble/share/ament_cmake/cmake)
[0.095s] -- Found rclcpp: 16.0.10 (/opt/ros/humble/share/rclcpp/cmake)
[0.110s] -- Found rosidl_generator_c: 3.1.5 (/opt/ros/humble/share/rosidl_generator_c/cmake)
[0.111s] -- Found rosidl_adapter: 3.1.5 (/opt/ros/humble/share/rosidl_adapter/cmake)
[0.115s] -- Found rosidl_generator_cpp: 3.1.5 (/opt/ros/humble/share/rosidl_generator_cpp/cmake)
[0.120s] -- Using all available rosidl_typesupport_c: rosidl_typesupport_fastrtps_c;rosidl_typesupport_introspection_c
[0.126s] -- Using all available rosidl_typesupport_cpp: rosidl_typesupport_fastrtps_cpp;rosidl_typesupport_introspection_cpp
[0.142s] -- Found rmw_implementation_cmake: 6.1.2 (/opt/ros/humble/share/rmw_implementation_cmake/cmake)
[0.143s] -- Found rmw_fastrtps_cpp: 6.2.7 (/opt/ros/humble/share/rmw_fastrtps_cpp/cmake)
[0.201s] -- Using RMW implementation 'rmw_fastrtps_cpp' as default
[0.227s] -- Found ament_lint_auto: 0.12.11 (/opt/ros/humble/share/ament_lint_auto/cmake)
[0.264s] -- Added test 'cppcheck' to perform static code analysis on C / C++ code
[0.264s] -- Configured cppcheck include dirs: 
[0.264s] -- Configured cppcheck exclude dirs and/or files: 
[0.264s] -- Added test 'lint_cmake' to check CMake code style
[0.265s] -- Added test 'uncrustify' to check C / C++ code style
[0.265s] -- Configured uncrustify additional arguments: 
[0.265s] -- Added test 'xmllint' to check XML markup files
[0.266s] -- Configuring done
[0.276s] -- Generating done
[0.283s] -- Build files have been written to: /home/zsy/sy_git/ROS2/CHAPT2_WS/build/demo_cpp_pkg
[0.307s] [ 25%] [32mBuilding CXX object CMakeFiles/cpp_node.dir/src/cpp_node.cpp.o[0m
[0.308s] [ 50%] [32mBuilding CXX object CMakeFiles/person_node.dir/src/person_node.cpp.o[0m
[1.672s] [01m[K/home/zsy/sy_git/ROS2/CHAPT2_WS/demo_cpp_pkg/src/person_node.cpp:9:5:[m[K [01;31m[Kerror: [m[Kexpected primary-expression before ‚Äò[01m[Kint[m[K‚Äô
[1.672s]     9 |     [01;31m[Kint[m[K age_;
[1.672s]       |     [01;31m[K^~~[m[K
[1.672s] [01m[K/home/zsy/sy_git/ROS2/CHAPT2_WS/demo_cpp_pkg/src/person_node.cpp:8:17:[m[K [01;31m[Kerror: [m[Kbit-field ‚Äò[01m[Kname_[m[K‚Äô with non-integral type ‚Äò[01m[Kstd::string[m[K‚Äô {aka ‚Äò[01m[Kstd::__cxx11::basic_string<char>[m[K‚Äô}
[1.672s]     8 |     std::string [01;31m[Kname_[m[K:
[1.672s]       |                 [01;31m[K^~~~~[m[K
[1.672s] [01m[K/home/zsy/sy_git/ROS2/CHAPT2_WS/demo_cpp_pkg/src/person_node.cpp:8:22:[m[K [01;31m[Kerror: [m[Kexpected ‚Äò[01m[K;[m[K‚Äô at end of member declaration
[1.672s]     8 |     std::string name_[01;31m[K:[m[K
[1.672s]       |                      [01;31m[K^[m[K
[1.672s]       |                       [32m[K;[m[K
[1.673s] [01m[K/home/zsy/sy_git/ROS2/CHAPT2_WS/demo_cpp_pkg/src/person_node.cpp:[m[K In constructor ‚Äò[01m[KPersonNode::PersonNode(const string&, const string&, const int&)[m[K‚Äô:
[1.673s] [01m[K/home/zsy/sy_git/ROS2/CHAPT2_WS/demo_cpp_pkg/src/person_node.cpp:15:15:[m[K [01;31m[Kerror: [m[K‚Äò[01m[Kclass PersonNode[m[K‚Äô has no member named ‚Äò[01m[Kname_[m[K‚Äô
[1.673s]    15 |         this->[01;31m[Kname_[m[K = name;
[1.673s]       |               [01;31m[K^~~~~[m[K
[1.674s] In file included from [01m[K/opt/ros/humble/include/rclcpp/rclcpp/logging.hpp:24[m[K,
[1.674s]                  from [01m[K/opt/ros/humble/include/rclcpp/rclcpp/client.hpp:40[m[K,
[1.674s]                  from [01m[K/opt/ros/humble/include/rclcpp/rclcpp/callback_group.hpp:24[m[K,
[1.674s]                  from [01m[K/opt/ros/humble/include/rclcpp/rclcpp/any_executable.hpp:20[m[K,
[1.674s]                  from [01m[K/opt/ros/humble/include/rclcpp/rclcpp/memory_strategy.hpp:25[m[K,
[1.674s]                  from [01m[K/opt/ros/humble/include/rclcpp/rclcpp/memory_strategies.hpp:18[m[K,
[1.674s]                  from [01m[K/opt/ros/humble/include/rclcpp/rclcpp/executor_options.hpp:20[m[K,
[1.674s]                  from [01m[K/opt/ros/humble/include/rclcpp/rclcpp/executor.hpp:37[m[K,
[1.674s]                  from [01m[K/opt/ros/humble/include/rclcpp/rclcpp/executors/multi_threaded_executor.hpp:25[m[K,
[1.674s]                  from [01m[K/opt/ros/humble/include/rclcpp/rclcpp/executors.hpp:21[m[K,
[1.674s]                  from [01m[K/opt/ros/humble/include/rclcpp/rclcpp/rclcpp.hpp:155[m[K,
[1.674s]                  from [01m[K/home/zsy/sy_git/ROS2/CHAPT2_WS/demo_cpp_pkg/src/person_node.cpp:1[m[K:
[1.674s] [01m[K/home/zsy/sy_git/ROS2/CHAPT2_WS/demo_cpp_pkg/src/person_node.cpp:[m[K In member function ‚Äò[01m[Kvoid PersonNode::eat(const string&)[m[K‚Äô:
[1.674s] [01m[K/home/zsy/sy_git/ROS2/CHAPT2_WS/demo_cpp_pkg/src/person_node.cpp:20:67:[m[K [01;31m[Kerror: [m[K‚Äò[01m[Kclass PersonNode[m[K‚Äô has no member named ‚Äò[01m[Kname_[m[K‚Äô
[1.674s]    20 |         RCLCPP_INFO(this->get_logger(),"ÊàëÊòØ%s,%dÂ≤Å,Áà±ÂêÉ%s",this->[01;31m[Kname_[m[K.c_str(),
[1.674s]       |                                                                   [01;31m[K^~~~~[m[K
[1.676s] In file included from [01m[K/opt/ros/humble/include/rclcpp/rclcpp/client.hpp:40[m[K,
[1.676s]                  from [01m[K/opt/ros/humble/include/rclcpp/rclcpp/callback_group.hpp:24[m[K,
[1.676s]                  from [01m[K/opt/ros/humble/include/rclcpp/rclcpp/any_executable.hpp:20[m[K,
[1.676s]                  from [01m[K/opt/ros/humble/include/rclcpp/rclcpp/memory_strategy.hpp:25[m[K,
[1.676s]                  from [01m[K/opt/ros/humble/include/rclcpp/rclcpp/memory_strategies.hpp:18[m[K,
[1.676s]                  from [01m[K/opt/ros/humble/include/rclcpp/rclcpp/executor_options.hpp:20[m[K,
[1.676s]                  from [01m[K/opt/ros/humble/include/rclcpp/rclcpp/executor.hpp:37[m[K,
[1.676s]                  from [01m[K/opt/ros/humble/include/rclcpp/rclcpp/executors/multi_threaded_executor.hpp:25[m[K,
[1.676s]                  from [01m[K/opt/ros/humble/include/rclcpp/rclcpp/executors.hpp:21[m[K,
[1.676s]                  from [01m[K/opt/ros/humble/include/rclcpp/rclcpp/rclcpp.hpp:155[m[K,
[1.676s]                  from [01m[K/home/zsy/sy_git/ROS2/CHAPT2_WS/demo_cpp_pkg/src/person_node.cpp:1[m[K:
[1.676s] [01m[K/home/zsy/sy_git/ROS2/CHAPT2_WS/demo_cpp_pkg/src/person_node.cpp:[m[K In function ‚Äò[01m[Kint main(int, char**)[m[K‚Äô:
[1.677s] [01m[K/home/zsy/sy_git/ROS2/CHAPT2_WS/demo_cpp_pkg/src/person_node.cpp:28:22:[m[K [01;31m[Kerror: [m[K‚Äò[01m[Kget_logger[m[K‚Äô was not declared in this scope; did you mean ‚Äò[01m[Krclcpp::get_logger[m[K‚Äô?
[1.677s]    28 |     RCLCPP_INFO(node-[01;31m[Kget_logger[m[K(),"‰Ω†Â•ΩC++ËäÇÁÇπÔºÅ");
[1.677s]       |                      [01;31m[K^~~~~~~~~~[m[K
[1.677s] In file included from [01m[K/opt/ros/humble/include/rclcpp/rclcpp/logging.hpp:23[m[K,
[1.677s]                  from [01m[K/opt/ros/humble/include/rclcpp/rclcpp/client.hpp:40[m[K,
[1.677s]                  from [01m[K/opt/ros/humble/include/rclcpp/rclcpp/callback_group.hpp:24[m[K,
[1.677s]                  from [01m[K/opt/ros/humble/include/rclcpp/rclcpp/any_executable.hpp:20[m[K,
[1.677s]                  from [01m[K/opt/ros/humble/include/rclcpp/rclcpp/memory_strategy.hpp:25[m[K,
[1.677s]                  from [01m[K/opt/ros/humble/include/rclcpp/rclcpp/memory_strategies.hpp:18[m[K,
[1.677s]                  from [01m[K/opt/ros/humble/include/rclcpp/rclcpp/executor_options.hpp:20[m[K,
[1.677s]                  from [01m[K/opt/ros/humble/include/rclcpp/rclcpp/executor.hpp:37[m[K,
[1.677s]                  from [01m[K/opt/ros/humble/include/rclcpp/rclcpp/executors/multi_threaded_executor.hpp:25[m[K,
[1.677s]                  from [01m[K/opt/ros/humble/include/rclcpp/rclcpp/executors.hpp:21[m[K,
[1.677s]                  from [01m[K/opt/ros/humble/include/rclcpp/rclcpp/rclcpp.hpp:155[m[K,
[1.677s]                  from [01m[K/home/zsy/sy_git/ROS2/CHAPT2_WS/demo_cpp_pkg/src/person_node.cpp:1[m[K:
[1.677s] [01m[K/opt/ros/humble/include/rclcpp/rclcpp/logger.hpp:106:17:[m[K [01;36m[Knote: [m[K‚Äò[01m[Krclcpp::get_logger[m[K‚Äô declared here
[1.677s]   106 |   friend Logger [01;36m[Krclcpp[m[K::get_logger(const std::string & name);
[1.677s]       |                 [01;36m[K^~~~~~[m[K
[1.677s] In file included from [01m[K/opt/ros/humble/include/rclcpp/rclcpp/client.hpp:40[m[K,
[1.677s]                  from [01m[K/opt/ros/humble/include/rclcpp/rclcpp/callback_group.hpp:24[m[K,
[1.677s]                  from [01m[K/opt/ros/humble/include/rclcpp/rclcpp/any_executable.hpp:20[m[K,
[1.677s]                  from [01m[K/opt/ros/humble/include/rclcpp/rclcpp/memory_strategy.hpp:25[m[K,
[1.677s]                  from [01m[K/opt/ros/humble/include/rclcpp/rclcpp/memory_strategies.hpp:18[m[K,
[1.677s]                  from [01m[K/opt/ros/humble/include/rclcpp/rclcpp/executor_options.hpp:20[m[K,
[1.677s]                  from [01m[K/opt/ros/humble/include/rclcpp/rclcpp/executor.hpp:37[m[K,
[1.677s]                  from [01m[K/opt/ros/humble/include/rclcpp/rclcpp/executors/multi_threaded_executor.hpp:25[m[K,
[1.677s]                  from [01m[K/opt/ros/humble/include/rclcpp/rclcpp/executors.hpp:21[m[K,
[1.677s]                  from [01m[K/opt/ros/humble/include/rclcpp/rclcpp/rclcpp.hpp:155[m[K,
[1.677s]                  from [01m[K/home/zsy/sy_git/ROS2/CHAPT2_WS/demo_cpp_pkg/src/person_node.cpp:1[m[K:
[1.677s] [01m[K/home/zsy/sy_git/ROS2/CHAPT2_WS/demo_cpp_pkg/src/person_node.cpp:28:5:[m[K [01;31m[Kerror: [m[Ktemplate argument 1 is invalid
[1.677s]    28 |     [01;31m[KRCLCPP_INFO[m[K(node-get_logger(),"‰Ω†Â•ΩC++ËäÇÁÇπÔºÅ");
[1.677s]       |     [01;31m[K^~~~~~~~~~~[m[K
[1.677s] [01m[K/home/zsy/sy_git/ROS2/CHAPT2_WS/demo_cpp_pkg/src/person_node.cpp:28:5:[m[K [01;31m[Kerror: [m[Ktemplate argument 1 is invalid
[1.677s]    28 |     [01;31m[KRCLCPP_INFO[m[K(node-get_logger(),"‰Ω†Â•ΩC++ËäÇÁÇπÔºÅ");
[1.677s]       |     [01;31m[K^~~~~~~~~~~[m[K
[1.677s] [01m[K/home/zsy/sy_git/ROS2/CHAPT2_WS/demo_cpp_pkg/src/person_node.cpp:28:5:[m[K [01;31m[Kerror: [m[Ktemplate argument 1 is invalid
[1.678s]    28 |     [01;31m[KRCLCPP_INFO[m[K(node-get_logger(),"‰Ω†Â•ΩC++ËäÇÁÇπÔºÅ");
[1.678s]       |     [01;31m[K^~~~~~~~~~~[m[K
[1.941s] gmake[2]: *** [CMakeFiles/person_node.dir/build.make:76ÔºöCMakeFiles/person_node.dir/src/person_node.cpp.o] ÈîôËØØ 1
[1.941s] gmake[1]: *** [CMakeFiles/Makefile2:165ÔºöCMakeFiles/person_node.dir/all] ÈîôËØØ 2
[1.942s] gmake[1]: *** Ê≠£Âú®Á≠âÂæÖÊú™ÂÆåÊàêÁöÑ‰ªªÂä°....
[2.073s] [ 75%] [32m[1mLinking CXX executable cpp_node[0m
[2.168s] [ 75%] Built target cpp_node
[2.168s] gmake: *** [Makefile:146Ôºöall] ÈîôËØØ 2
[2.170s] Invoked command in '/home/zsy/sy_git/ROS2/CHAPT2_WS/build/demo_cpp_pkg' returned '2': CMAKE_PREFIX_PATH=/opt/ros/humble /usr/bin/cmake --build /home/zsy/sy_git/ROS2/CHAPT2_WS/build/demo_cpp_pkg -- -j4 -l4
